<?xml version="1.0" encoding="UTF-8"?>
<testng-results skipped="2" failed="0" total="2" passed="0">
  <reporter-output>
  </reporter-output>
  <suite name="Default suite" duration-ms="1861" started-at="2016-09-16T09:59:19Z" finished-at="2016-09-16T09:59:20Z">
    <groups>
    </groups>
    <test name="Default test" duration-ms="1861" started-at="2016-09-16T09:59:19Z" finished-at="2016-09-16T09:59:20Z">
      <class name="com.poc.driver.DriverScript">
        <test-method status="FAIL" signature="setup()[pri:0, instance:com.poc.driver.DriverScript@343f4d3d]" name="setup" is-config="true" duration-ms="0" started-at="2016-09-16T15:29:19Z" finished-at="2016-09-16T15:29:19Z">
          <exception class="java.lang.ClassCastException">
            <message>
              <![CDATA[org.openqa.selenium.chrome.ChromeDriver cannot be cast to com.neotys.selenium.proxies.NLWebDriver]]>
            </message>
            <full-stacktrace>
              <![CDATA[java.lang.ClassCastException: org.openqa.selenium.chrome.ChromeDriver cannot be cast to com.neotys.selenium.proxies.NLWebDriver
	at com.poc.driver.DriverScript.setup(DriverScript.java:35)
	at sun.reflect.NativeMethodAccessorImpl.invoke0(Native Method)
	at sun.reflect.NativeMethodAccessorImpl.invoke(Unknown Source)
	at sun.reflect.DelegatingMethodAccessorImpl.invoke(Unknown Source)
	at java.lang.reflect.Method.invoke(Unknown Source)
	at org.testng.internal.MethodInvocationHelper.invokeMethod(MethodInvocationHelper.java:84)
	at org.testng.internal.Invoker.invokeConfigurationMethod(Invoker.java:564)
	at org.testng.internal.Invoker.invokeConfigurations(Invoker.java:213)
	at org.testng.internal.Invoker.invokeConfigurations(Invoker.java:138)
	at org.testng.TestRunner.beforeRun(TestRunner.java:641)
	at org.testng.TestRunner.run(TestRunner.java:609)
	at org.testng.SuiteRunner.runTest(SuiteRunner.java:334)
	at org.testng.SuiteRunner.runSequentially(SuiteRunner.java:329)
	at org.testng.SuiteRunner.privateRun(SuiteRunner.java:291)
	at org.testng.SuiteRunner.run(SuiteRunner.java:240)
	at org.testng.SuiteRunnerWorker.runSuite(SuiteRunnerWorker.java:52)
	at org.testng.SuiteRunnerWorker.run(SuiteRunnerWorker.java:86)
	at org.testng.TestNG.runSuitesSequentially(TestNG.java:1224)
	at org.testng.TestNG.runSuitesLocally(TestNG.java:1149)
	at org.testng.TestNG.run(TestNG.java:1057)
	at org.testng.remote.AbstractRemoteTestNG.run(AbstractRemoteTestNG.java:126)
	at org.testng.remote.RemoteTestNG.initAndRun(RemoteTestNG.java:152)
	at org.testng.remote.RemoteTestNG.main(RemoteTestNG.java:57)
]]>
            </full-stacktrace>
          </exception> <!-- java.lang.ClassCastException -->
          <reporter-output>
          </reporter-output>
        </test-method> <!-- setup -->
        <test-method status="SKIP" signature="verifyValidLogin()[pri:0, instance:com.poc.driver.DriverScript@343f4d3d]" name="verifyValidLogin" duration-ms="1" started-at="2016-09-16T15:29:20Z" finished-at="2016-09-16T15:29:20Z">
          <reporter-output>
          </reporter-output>
        </test-method> <!-- verifyValidLogin -->
        <test-method status="SKIP" signature="provideReferal()[pri:0, instance:com.poc.driver.DriverScript@343f4d3d]" name="provideReferal" duration-ms="0" started-at="2016-09-16T15:29:20Z" finished-at="2016-09-16T15:29:20Z">
          <reporter-output>
          </reporter-output>
        </test-method> <!-- provideReferal -->
        <test-method status="SKIP" signature="tearDown()[pri:0, instance:com.poc.driver.DriverScript@343f4d3d]" name="tearDown" is-config="true" duration-ms="0" started-at="2016-09-16T15:29:20Z" finished-at="2016-09-16T15:29:20Z">
          <reporter-output>
          </reporter-output>
        </test-method> <!-- tearDown -->
      </class> <!-- com.poc.driver.DriverScript -->
    </test> <!-- Default test -->
  </suite> <!-- Default suite -->
</testng-results>
